\BOOKMARK [0][-]{section*.1}{\376\377\006\101\006\107\006\061\006\063\006\052\000\040\006\052\006\065\006\047\006\110\006\314\006\061}{}% 1
\BOOKMARK [0][-]{section*.2}{\376\377\006\101\006\107\006\061\006\063\006\052\000\040\006\054\006\057\006\047\006\110\006\104}{}% 2
\BOOKMARK [0][-]{chapter.1}{\376\377\006\064\006\061\006\055\000\040\006\105\006\063\006\046\006\104\006\107}{}% 3
\BOOKMARK [1][-]{section.1.1}{\376\377\006\105\006\102\006\057\006\105\006\107}{chapter.1}% 4
\BOOKMARK [1][-]{section.1.2}{\376\377\006\064\006\061\006\055\000\040\006\105\006\063\006\046\006\104\006\107}{chapter.1}% 5
\BOOKMARK [1][-]{section.1.3}{\376\377\006\061\006\110\006\064\040\014\006\107\006\047\006\314\000\040\006\050\006\057\006\063\006\052\000\040\006\042\006\110\006\061\006\057\006\106\000\040\006\061\006\314\006\064\006\107\040\014\006\107\006\047\006\314\000\040\006\206\006\106\006\057\006\054\006\105\006\104\006\107\040\014\006\047\006\314}{chapter.1}% 6
\BOOKMARK [2][-]{subsection.1.3.1}{\376\377\006\061\006\110\006\064\000\040\006\106\006\314\006\110\006\052\006\110\006\106}{section.1.3}% 7
\BOOKMARK [2][-]{subsection.1.3.2}{\376\377\006\061\006\110\006\064\000\040\006\107\006\061\006\106\006\061}{section.1.3}% 8
\BOOKMARK [2][-]{subsection.1.3.3}{\376\377\000\040\006\061\006\110\006\064\000\040\006\057\006\110\006\061\006\106\006\057\000-\006\251\006\061\006\106\006\061\000\040}{section.1.3}% 9
\BOOKMARK [0][-]{chapter.2}{\376\377\006\061\006\110\006\064\000\040\006\105\006\047\006\052\006\061\006\314\006\063\000\040\006\107\006\105\006\061\006\047\006\107}{}% 10
\BOOKMARK [1][-]{section.2.1}{\376\377\006\050\006\061\006\061\006\063\006\314\000\040\006\061\006\110\006\064\000\040\006\105\006\047\006\052\006\061\006\314\006\063\000\040\006\107\006\105\006\061\006\047\006\107}{chapter.2}% 11
\BOOKMARK [1][-]{section.2.2}{\376\377\006\047\006\053\006\050\006\047\006\052\000\040\006\061\006\110\006\064\000\040\006\105\006\047\006\052\006\061\006\314\006\063\000\040\006\107\006\105\006\061\006\047\006\107}{chapter.2}% 12
\BOOKMARK [1][-]{section.2.3}{\376\377\006\105\006\055\006\057\006\110\006\057\000\040\006\251\006\061\006\057\006\106\000\040\006\050\006\047\006\062\006\107\040\014\006\314\000\040\006\061\006\314\006\064\006\107\040\014\006\107\006\047\006\314\000\040\006\105\006\071\006\047\006\057\006\104\006\107}{chapter.2}% 13
\BOOKMARK [1][-]{section.2.4}{\376\377\006\176\006\314\006\057\006\047\000\040\006\251\006\061\006\057\006\106\000\040\006\251\006\110\006\206\006\251\006\052\006\061\006\314\006\106\000\040\006\314\006\047\000\040\006\050\006\062\006\061\006\257\006\052\006\061\006\314\006\106\000\040\006\061\006\314\006\064\006\107\040\014\006\314\000\040\006\314\006\251\000\040\006\206\006\106\006\057\006\054\006\105\006\104\006\107\040\014\006\047\006\314\000\040\006\050\006\047\000\040\006\251\006\105\006\251\000\040\006\061\006\110\006\064\000\040\006\052\006\110\006\047\006\106\006\314}{chapter.2}% 14
\BOOKMARK [0][-]{chapter.3}{\376\377\006\176\006\314\006\047\006\057\006\107\040\014\006\063\006\047\006\062\006\314\000\040\006\110\000\040\006\176\006\314\006\206\006\314\006\057\006\257\006\314\000\040\006\105\006\055\006\047\006\063\006\050\006\047\006\052\006\314}{}% 15
\BOOKMARK [1][-]{section.3.1}{\376\377\006\176\006\314\006\047\006\057\006\107\040\014\006\063\006\047\006\062\006\314\000\040\006\061\006\110\006\064\000\040\006\105\006\047\006\052\006\061\006\314\006\063\000\040\006\107\006\105\006\061\006\047\006\107\000\040\006\057\006\061\000\040\006\176\006\047\006\314\006\052\006\110\006\106}{chapter.3}% 16
\BOOKMARK [1][-]{section.3.2}{\376\377\006\105\006\055\006\047\006\063\006\050\006\107\000\040\006\055\006\057\006\110\006\057\000\040\006\061\006\314\006\064\006\107\040\014\006\107\006\047}{chapter.3}% 17
\BOOKMARK [1][-]{section.3.3}{\376\377\006\105\006\055\006\047\006\063\006\050\006\107\040\014\006\314\000\040\006\050\006\062\006\061\006\257\006\052\006\061\006\314\006\106\000\040\006\061\006\314\006\064\006\107\040\014\006\314\000\040\006\206\006\106\006\057\006\054\006\105\006\104\006\107\040\014\006\047\006\314\000\040\006\047\006\062\000\040\006\106\006\070\006\061\000\040\006\047\006\106\006\057\006\047\006\062\006\107}{chapter.3}% 18
\BOOKMARK [0][-]{appendix*.3}{\376\377\006\251\006\052\006\047\006\050\040\014\006\106\006\047\006\105\006\107}{}% 19
\BOOKMARK [0][-]{appendix*.4}{\376\377\006\176\006\314\006\110\006\063\006\052}{}% 20
